<?xml version="1.0" encoding="UTF-8"?>
<testsuite xmlns:xsi="http://www.w3.org/2001/XMLSchema-instance" xsi:noNamespaceSchemaLocation="https://maven.apache.org/surefire/maven-surefire-plugin/xsd/surefire-test-report-3.0.xsd" version="3.0" name="TowerPuzzleModelTest" time="0.1" tests="10" errors="0" skipped="0" failures="0">
  <properties>
[...]
</properties>
  <testcase name="testGetLegalMoves" classname="TowerPuzzleModelTest" time="0.038"/>
  <testcase name="testIsLegalMove" classname="TowerPuzzleModelTest" time="0.004"/>
  <testcase name="testClone" classname="TowerPuzzleModelTest" time="0.007">
    <system-out><![CDATA[TowerPuzzleModel{
E0	E0	E0	
E0	E0	E0	
E0	E0	E0	
E0	E0	E0	
E0	B1	E0	
B2	R2	E0	
R3	B3	E0	
B4	R4	R1	

]]></system-out>
  </testcase>
  <testcase name="testIsLegalToMoveFrom" classname="TowerPuzzleModelTest" time="0.001"/>
  <testcase name="testDiskProperty" classname="TowerPuzzleModelTest" time="0.001"/>
  <testcase name="testGetTopDisks" classname="TowerPuzzleModelTest" time="0.002"/>
  <testcase name="testIsSolved" classname="TowerPuzzleModelTest" time="0.001"/>
  <testcase name="testInitialSetup" classname="TowerPuzzleModelTest" time="0.001"/>
  <testcase name="testMakeMove" classname="TowerPuzzleModelTest" time="0.001">
    <system-out><![CDATA[TowerPuzzleModel{
E0	E0	E0	
E0	E0	E0	
E0	E0	E0	
E0	E0	E0	
E0	B1	E0	
B2	R2	E0	
R3	B3	E0	
B4	R4	R1	

]]></system-out>
  </testcase>
  <testcase name="testEqualsAndHashCode" classname="TowerPuzzleModelTest" time="0.001"/>
</testsuite>